2023-03-29 00:18:38  INFO   : Closing JPA EntityManagerFactory for persistence unit 'default'
2023-03-29 00:18:38  INFO   : HikariPool-1 - Shutdown initiated...
2023-03-29 00:18:38  INFO   : HikariPool-1 - Shutdown completed.
2023-03-29 00:18:44  INFO   : HV000001: Hibernate Validator 8.0.0.Final
2023-03-29 00:18:44  INFO   : Starting BillingApplication using Java 19.0.2 with PID 13304 (D:\Projects\Billing\target\classes started by Şamxal in D:\Projects\Billing)
2023-03-29 00:18:44  INFO   : No active profile set, falling back to 1 default profile: "default"
2023-03-29 00:18:44  INFO   : Devtools property defaults active! Set 'spring.devtools.add-properties' to 'false' to disable
2023-03-29 00:18:44  INFO   : For additional web related logging consider setting the 'logging.level.web' property to 'DEBUG'
2023-03-29 00:18:44  WARN   : Exception encountered during context initialization - cancelling refresh attempt: org.springframework.beans.factory.BeanDefinitionStoreException: Failed to read candidate component class: file [D:\Projects\Billing\target\classes\com\service\Billing\security\user\UserController.class]
2023-03-29 00:18:44  ERROR  : Application run failed
org.springframework.beans.factory.BeanDefinitionStoreException: Failed to read candidate component class: file [D:\Projects\Billing\target\classes\com\service\Billing\security\user\UserController.class]
	at org.springframework.context.annotation.ClassPathScanningCandidateComponentProvider.scanCandidateComponents(ClassPathScanningCandidateComponentProvider.java:463)
	at org.springframework.context.annotation.ClassPathScanningCandidateComponentProvider.findCandidateComponents(ClassPathScanningCandidateComponentProvider.java:317)
	at org.springframework.context.annotation.ClassPathBeanDefinitionScanner.doScan(ClassPathBeanDefinitionScanner.java:276)
	at org.springframework.context.annotation.ComponentScanAnnotationParser.parse(ComponentScanAnnotationParser.java:128)
	at org.springframework.context.annotation.ConfigurationClassParser.doProcessConfigurationClass(ConfigurationClassParser.java:289)
	at org.springframework.context.annotation.ConfigurationClassParser.processConfigurationClass(ConfigurationClassParser.java:243)
	at org.springframework.context.annotation.ConfigurationClassParser.parse(ConfigurationClassParser.java:196)
	at org.springframework.context.annotation.ConfigurationClassParser.parse(ConfigurationClassParser.java:164)
	at org.springframework.context.annotation.ConfigurationClassPostProcessor.processConfigBeanDefinitions(ConfigurationClassPostProcessor.java:398)
	at org.springframework.context.annotation.ConfigurationClassPostProcessor.postProcessBeanDefinitionRegistry(ConfigurationClassPostProcessor.java:283)
	at org.springframework.context.support.PostProcessorRegistrationDelegate.invokeBeanDefinitionRegistryPostProcessors(PostProcessorRegistrationDelegate.java:344)
	at org.springframework.context.support.PostProcessorRegistrationDelegate.invokeBeanFactoryPostProcessors(PostProcessorRegistrationDelegate.java:115)
	at org.springframework.context.support.AbstractApplicationContext.invokeBeanFactoryPostProcessors(AbstractApplicationContext.java:745)
	at org.springframework.context.support.AbstractApplicationContext.refresh(AbstractApplicationContext.java:565)
	at org.springframework.boot.web.servlet.context.ServletWebServerApplicationContext.refresh(ServletWebServerApplicationContext.java:146)
	at org.springframework.boot.SpringApplication.refresh(SpringApplication.java:730)
	at org.springframework.boot.SpringApplication.refreshContext(SpringApplication.java:432)
	at org.springframework.boot.SpringApplication.run(SpringApplication.java:308)
	at org.springframework.boot.SpringApplication.run(SpringApplication.java:1302)
	at org.springframework.boot.SpringApplication.run(SpringApplication.java:1291)
	at com.service.Billing.BillingApplication.main(BillingApplication.java:10)
	at java.base/jdk.internal.reflect.DirectMethodHandleAccessor.invoke(DirectMethodHandleAccessor.java:104)
	at java.base/java.lang.reflect.Method.invoke(Method.java:578)
	at org.springframework.boot.devtools.restart.RestartLauncher.run(RestartLauncher.java:49)
Caused by: org.springframework.core.annotation.AnnotationConfigurationException: Different @AliasFor mirror values for annotation [org.springframework.cache.annotation.Cacheable] declared on com.service.Billing.security.user.UserController.getByEmail(java.lang.String); attribute 'cacheNames' and its alias 'value' are declared with values of [{user}] and [{#email}].
	at org.springframework.core.annotation.AnnotationTypeMapping$MirrorSets$MirrorSet.resolve(AnnotationTypeMapping.java:772)
	at org.springframework.core.annotation.AnnotationTypeMapping$MirrorSets.resolve(AnnotationTypeMapping.java:727)
	at org.springframework.core.annotation.TypeMappedAnnotation.<init>(TypeMappedAnnotation.java:128)
	at org.springframework.core.annotation.TypeMappedAnnotation.<init>(TypeMappedAnnotation.java:112)
	at org.springframework.core.annotation.TypeMappedAnnotation.of(TypeMappedAnnotation.java:618)
	at org.springframework.core.annotation.MergedAnnotation.of(MergedAnnotation.java:612)
	at org.springframework.core.type.classreading.MergedAnnotationReadingVisitor.visitEnd(MergedAnnotationReadingVisitor.java:98)
	at org.springframework.asm.ClassReader.readElementValues(ClassReader.java:3010)
	at org.springframework.asm.ClassReader.readMethod(ClassReader.java:1415)
	at org.springframework.asm.ClassReader.accept(ClassReader.java:746)
	at org.springframework.asm.ClassReader.accept(ClassReader.java:426)
	at org.springframework.core.type.classreading.SimpleMetadataReader.<init>(SimpleMetadataReader.java:48)
	at org.springframework.core.type.classreading.SimpleMetadataReaderFactory.getMetadataReader(SimpleMetadataReaderFactory.java:103)
	at org.springframework.core.type.classreading.CachingMetadataReaderFactory.getMetadataReader(CachingMetadataReaderFactory.java:122)
	at org.springframework.context.annotation.ClassPathScanningCandidateComponentProvider.scanCandidateComponents(ClassPathScanningCandidateComponentProvider.java:435)
	... 23 common frames omitted
2023-03-29 00:19:38  INFO   : HV000001: Hibernate Validator 8.0.0.Final
2023-03-29 00:19:38  INFO   : Starting BillingApplication using Java 19.0.2 with PID 25248 (D:\Projects\Billing\target\classes started by Şamxal in D:\Projects\Billing)
2023-03-29 00:19:38  INFO   : No active profile set, falling back to 1 default profile: "default"
2023-03-29 00:19:38  INFO   : Devtools property defaults active! Set 'spring.devtools.add-properties' to 'false' to disable
2023-03-29 00:19:38  INFO   : For additional web related logging consider setting the 'logging.level.web' property to 'DEBUG'
2023-03-29 00:19:38  WARN   : Exception encountered during context initialization - cancelling refresh attempt: org.springframework.beans.factory.BeanDefinitionStoreException: Failed to read candidate component class: file [D:\Projects\Billing\target\classes\com\service\Billing\security\user\UserController.class]
2023-03-29 00:19:39  ERROR  : Application run failed
org.springframework.beans.factory.BeanDefinitionStoreException: Failed to read candidate component class: file [D:\Projects\Billing\target\classes\com\service\Billing\security\user\UserController.class]
	at org.springframework.context.annotation.ClassPathScanningCandidateComponentProvider.scanCandidateComponents(ClassPathScanningCandidateComponentProvider.java:463)
	at org.springframework.context.annotation.ClassPathScanningCandidateComponentProvider.findCandidateComponents(ClassPathScanningCandidateComponentProvider.java:317)
	at org.springframework.context.annotation.ClassPathBeanDefinitionScanner.doScan(ClassPathBeanDefinitionScanner.java:276)
	at org.springframework.context.annotation.ComponentScanAnnotationParser.parse(ComponentScanAnnotationParser.java:128)
	at org.springframework.context.annotation.ConfigurationClassParser.doProcessConfigurationClass(ConfigurationClassParser.java:289)
	at org.springframework.context.annotation.ConfigurationClassParser.processConfigurationClass(ConfigurationClassParser.java:243)
	at org.springframework.context.annotation.ConfigurationClassParser.parse(ConfigurationClassParser.java:196)
	at org.springframework.context.annotation.ConfigurationClassParser.parse(ConfigurationClassParser.java:164)
	at org.springframework.context.annotation.ConfigurationClassPostProcessor.processConfigBeanDefinitions(ConfigurationClassPostProcessor.java:398)
	at org.springframework.context.annotation.ConfigurationClassPostProcessor.postProcessBeanDefinitionRegistry(ConfigurationClassPostProcessor.java:283)
	at org.springframework.context.support.PostProcessorRegistrationDelegate.invokeBeanDefinitionRegistryPostProcessors(PostProcessorRegistrationDelegate.java:344)
	at org.springframework.context.support.PostProcessorRegistrationDelegate.invokeBeanFactoryPostProcessors(PostProcessorRegistrationDelegate.java:115)
	at org.springframework.context.support.AbstractApplicationContext.invokeBeanFactoryPostProcessors(AbstractApplicationContext.java:745)
	at org.springframework.context.support.AbstractApplicationContext.refresh(AbstractApplicationContext.java:565)
	at org.springframework.boot.web.servlet.context.ServletWebServerApplicationContext.refresh(ServletWebServerApplicationContext.java:146)
	at org.springframework.boot.SpringApplication.refresh(SpringApplication.java:730)
	at org.springframework.boot.SpringApplication.refreshContext(SpringApplication.java:432)
	at org.springframework.boot.SpringApplication.run(SpringApplication.java:308)
	at org.springframework.boot.SpringApplication.run(SpringApplication.java:1302)
	at org.springframework.boot.SpringApplication.run(SpringApplication.java:1291)
	at com.service.Billing.BillingApplication.main(BillingApplication.java:10)
	at java.base/jdk.internal.reflect.DirectMethodHandleAccessor.invoke(DirectMethodHandleAccessor.java:104)
	at java.base/java.lang.reflect.Method.invoke(Method.java:578)
	at org.springframework.boot.devtools.restart.RestartLauncher.run(RestartLauncher.java:49)
Caused by: org.springframework.core.annotation.AnnotationConfigurationException: Different @AliasFor mirror values for annotation [org.springframework.cache.annotation.Cacheable] declared on com.service.Billing.security.user.UserController.getByEmail(java.lang.String); attribute 'cacheNames' and its alias 'value' are declared with values of [{user}] and [{#email}].
	at org.springframework.core.annotation.AnnotationTypeMapping$MirrorSets$MirrorSet.resolve(AnnotationTypeMapping.java:772)
	at org.springframework.core.annotation.AnnotationTypeMapping$MirrorSets.resolve(AnnotationTypeMapping.java:727)
	at org.springframework.core.annotation.TypeMappedAnnotation.<init>(TypeMappedAnnotation.java:128)
	at org.springframework.core.annotation.TypeMappedAnnotation.<init>(TypeMappedAnnotation.java:112)
	at org.springframework.core.annotation.TypeMappedAnnotation.of(TypeMappedAnnotation.java:618)
	at org.springframework.core.annotation.MergedAnnotation.of(MergedAnnotation.java:612)
	at org.springframework.core.type.classreading.MergedAnnotationReadingVisitor.visitEnd(MergedAnnotationReadingVisitor.java:98)
	at org.springframework.asm.ClassReader.readElementValues(ClassReader.java:3010)
	at org.springframework.asm.ClassReader.readMethod(ClassReader.java:1415)
	at org.springframework.asm.ClassReader.accept(ClassReader.java:746)
	at org.springframework.asm.ClassReader.accept(ClassReader.java:426)
	at org.springframework.core.type.classreading.SimpleMetadataReader.<init>(SimpleMetadataReader.java:48)
	at org.springframework.core.type.classreading.SimpleMetadataReaderFactory.getMetadataReader(SimpleMetadataReaderFactory.java:103)
	at org.springframework.core.type.classreading.CachingMetadataReaderFactory.getMetadataReader(CachingMetadataReaderFactory.java:122)
	at org.springframework.context.annotation.ClassPathScanningCandidateComponentProvider.scanCandidateComponents(ClassPathScanningCandidateComponentProvider.java:435)
	... 23 common frames omitted
2023-03-29 00:20:16  INFO   : HV000001: Hibernate Validator 8.0.0.Final
2023-03-29 00:20:16  INFO   : Starting BillingApplication using Java 19.0.2 with PID 21776 (D:\Projects\Billing\target\classes started by Şamxal in D:\Projects\Billing)
2023-03-29 00:20:16  INFO   : No active profile set, falling back to 1 default profile: "default"
2023-03-29 00:20:16  INFO   : Devtools property defaults active! Set 'spring.devtools.add-properties' to 'false' to disable
2023-03-29 00:20:16  INFO   : For additional web related logging consider setting the 'logging.level.web' property to 'DEBUG'
2023-03-29 00:20:16  WARN   : Exception encountered during context initialization - cancelling refresh attempt: org.springframework.beans.factory.BeanDefinitionStoreException: Failed to read candidate component class: file [D:\Projects\Billing\target\classes\com\service\Billing\security\user\UserController.class]
2023-03-29 00:20:16  ERROR  : Application run failed
org.springframework.beans.factory.BeanDefinitionStoreException: Failed to read candidate component class: file [D:\Projects\Billing\target\classes\com\service\Billing\security\user\UserController.class]
	at org.springframework.context.annotation.ClassPathScanningCandidateComponentProvider.scanCandidateComponents(ClassPathScanningCandidateComponentProvider.java:463)
	at org.springframework.context.annotation.ClassPathScanningCandidateComponentProvider.findCandidateComponents(ClassPathScanningCandidateComponentProvider.java:317)
	at org.springframework.context.annotation.ClassPathBeanDefinitionScanner.doScan(ClassPathBeanDefinitionScanner.java:276)
	at org.springframework.context.annotation.ComponentScanAnnotationParser.parse(ComponentScanAnnotationParser.java:128)
	at org.springframework.context.annotation.ConfigurationClassParser.doProcessConfigurationClass(ConfigurationClassParser.java:289)
	at org.springframework.context.annotation.ConfigurationClassParser.processConfigurationClass(ConfigurationClassParser.java:243)
	at org.springframework.context.annotation.ConfigurationClassParser.parse(ConfigurationClassParser.java:196)
	at org.springframework.context.annotation.ConfigurationClassParser.parse(ConfigurationClassParser.java:164)
	at org.springframework.context.annotation.ConfigurationClassPostProcessor.processConfigBeanDefinitions(ConfigurationClassPostProcessor.java:398)
	at org.springframework.context.annotation.ConfigurationClassPostProcessor.postProcessBeanDefinitionRegistry(ConfigurationClassPostProcessor.java:283)
	at org.springframework.context.support.PostProcessorRegistrationDelegate.invokeBeanDefinitionRegistryPostProcessors(PostProcessorRegistrationDelegate.java:344)
	at org.springframework.context.support.PostProcessorRegistrationDelegate.invokeBeanFactoryPostProcessors(PostProcessorRegistrationDelegate.java:115)
	at org.springframework.context.support.AbstractApplicationContext.invokeBeanFactoryPostProcessors(AbstractApplicationContext.java:745)
	at org.springframework.context.support.AbstractApplicationContext.refresh(AbstractApplicationContext.java:565)
	at org.springframework.boot.web.servlet.context.ServletWebServerApplicationContext.refresh(ServletWebServerApplicationContext.java:146)
	at org.springframework.boot.SpringApplication.refresh(SpringApplication.java:730)
	at org.springframework.boot.SpringApplication.refreshContext(SpringApplication.java:432)
	at org.springframework.boot.SpringApplication.run(SpringApplication.java:308)
	at org.springframework.boot.SpringApplication.run(SpringApplication.java:1302)
	at org.springframework.boot.SpringApplication.run(SpringApplication.java:1291)
	at com.service.Billing.BillingApplication.main(BillingApplication.java:10)
	at java.base/jdk.internal.reflect.DirectMethodHandleAccessor.invoke(DirectMethodHandleAccessor.java:104)
	at java.base/java.lang.reflect.Method.invoke(Method.java:578)
	at org.springframework.boot.devtools.restart.RestartLauncher.run(RestartLauncher.java:49)
Caused by: org.springframework.core.annotation.AnnotationConfigurationException: Different @AliasFor mirror values for annotation [org.springframework.cache.annotation.Cacheable] declared on com.service.Billing.security.user.UserController.getByEmail(java.lang.String); attribute 'cacheNames' and its alias 'value' are declared with values of [{user}] and [{#email}].
	at org.springframework.core.annotation.AnnotationTypeMapping$MirrorSets$MirrorSet.resolve(AnnotationTypeMapping.java:772)
	at org.springframework.core.annotation.AnnotationTypeMapping$MirrorSets.resolve(AnnotationTypeMapping.java:727)
	at org.springframework.core.annotation.TypeMappedAnnotation.<init>(TypeMappedAnnotation.java:128)
	at org.springframework.core.annotation.TypeMappedAnnotation.<init>(TypeMappedAnnotation.java:112)
	at org.springframework.core.annotation.TypeMappedAnnotation.of(TypeMappedAnnotation.java:618)
	at org.springframework.core.annotation.MergedAnnotation.of(MergedAnnotation.java:612)
	at org.springframework.core.type.classreading.MergedAnnotationReadingVisitor.visitEnd(MergedAnnotationReadingVisitor.java:98)
	at org.springframework.asm.ClassReader.readElementValues(ClassReader.java:3010)
	at org.springframework.asm.ClassReader.readMethod(ClassReader.java:1415)
	at org.springframework.asm.ClassReader.accept(ClassReader.java:746)
	at org.springframework.asm.ClassReader.accept(ClassReader.java:426)
	at org.springframework.core.type.classreading.SimpleMetadataReader.<init>(SimpleMetadataReader.java:48)
	at org.springframework.core.type.classreading.SimpleMetadataReaderFactory.getMetadataReader(SimpleMetadataReaderFactory.java:103)
	at org.springframework.core.type.classreading.CachingMetadataReaderFactory.getMetadataReader(CachingMetadataReaderFactory.java:122)
	at org.springframework.context.annotation.ClassPathScanningCandidateComponentProvider.scanCandidateComponents(ClassPathScanningCandidateComponentProvider.java:435)
	... 23 common frames omitted
2023-03-29 00:21:00  INFO   : HV000001: Hibernate Validator 8.0.0.Final
2023-03-29 00:21:00  INFO   : Starting BillingApplication using Java 19.0.2 with PID 13812 (D:\Projects\Billing\target\classes started by Şamxal in D:\Projects\Billing)
2023-03-29 00:21:00  INFO   : No active profile set, falling back to 1 default profile: "default"
2023-03-29 00:21:00  INFO   : Devtools property defaults active! Set 'spring.devtools.add-properties' to 'false' to disable
2023-03-29 00:21:00  INFO   : For additional web related logging consider setting the 'logging.level.web' property to 'DEBUG'
2023-03-29 00:21:01  WARN   : Exception encountered during context initialization - cancelling refresh attempt: org.springframework.beans.factory.BeanDefinitionStoreException: Failed to read candidate component class: file [D:\Projects\Billing\target\classes\com\service\Billing\security\user\UserController.class]
2023-03-29 00:21:01  ERROR  : Application run failed
org.springframework.beans.factory.BeanDefinitionStoreException: Failed to read candidate component class: file [D:\Projects\Billing\target\classes\com\service\Billing\security\user\UserController.class]
	at org.springframework.context.annotation.ClassPathScanningCandidateComponentProvider.scanCandidateComponents(ClassPathScanningCandidateComponentProvider.java:463)
	at org.springframework.context.annotation.ClassPathScanningCandidateComponentProvider.findCandidateComponents(ClassPathScanningCandidateComponentProvider.java:317)
	at org.springframework.context.annotation.ClassPathBeanDefinitionScanner.doScan(ClassPathBeanDefinitionScanner.java:276)
	at org.springframework.context.annotation.ComponentScanAnnotationParser.parse(ComponentScanAnnotationParser.java:128)
	at org.springframework.context.annotation.ConfigurationClassParser.doProcessConfigurationClass(ConfigurationClassParser.java:289)
	at org.springframework.context.annotation.ConfigurationClassParser.processConfigurationClass(ConfigurationClassParser.java:243)
	at org.springframework.context.annotation.ConfigurationClassParser.parse(ConfigurationClassParser.java:196)
	at org.springframework.context.annotation.ConfigurationClassParser.parse(ConfigurationClassParser.java:164)
	at org.springframework.context.annotation.ConfigurationClassPostProcessor.processConfigBeanDefinitions(ConfigurationClassPostProcessor.java:398)
	at org.springframework.context.annotation.ConfigurationClassPostProcessor.postProcessBeanDefinitionRegistry(ConfigurationClassPostProcessor.java:283)
	at org.springframework.context.support.PostProcessorRegistrationDelegate.invokeBeanDefinitionRegistryPostProcessors(PostProcessorRegistrationDelegate.java:344)
	at org.springframework.context.support.PostProcessorRegistrationDelegate.invokeBeanFactoryPostProcessors(PostProcessorRegistrationDelegate.java:115)
	at org.springframework.context.support.AbstractApplicationContext.invokeBeanFactoryPostProcessors(AbstractApplicationContext.java:745)
	at org.springframework.context.support.AbstractApplicationContext.refresh(AbstractApplicationContext.java:565)
	at org.springframework.boot.web.servlet.context.ServletWebServerApplicationContext.refresh(ServletWebServerApplicationContext.java:146)
	at org.springframework.boot.SpringApplication.refresh(SpringApplication.java:730)
	at org.springframework.boot.SpringApplication.refreshContext(SpringApplication.java:432)
	at org.springframework.boot.SpringApplication.run(SpringApplication.java:308)
	at org.springframework.boot.SpringApplication.run(SpringApplication.java:1302)
	at org.springframework.boot.SpringApplication.run(SpringApplication.java:1291)
	at com.service.Billing.BillingApplication.main(BillingApplication.java:10)
	at java.base/jdk.internal.reflect.DirectMethodHandleAccessor.invoke(DirectMethodHandleAccessor.java:104)
	at java.base/java.lang.reflect.Method.invoke(Method.java:578)
	at org.springframework.boot.devtools.restart.RestartLauncher.run(RestartLauncher.java:49)
Caused by: org.springframework.core.annotation.AnnotationConfigurationException: Different @AliasFor mirror values for annotation [org.springframework.cache.annotation.Cacheable] declared on com.service.Billing.security.user.UserController.getByEmail(java.lang.String); attribute 'cacheNames' and its alias 'value' are declared with values of [{user}] and [{#email}].
	at org.springframework.core.annotation.AnnotationTypeMapping$MirrorSets$MirrorSet.resolve(AnnotationTypeMapping.java:772)
	at org.springframework.core.annotation.AnnotationTypeMapping$MirrorSets.resolve(AnnotationTypeMapping.java:727)
	at org.springframework.core.annotation.TypeMappedAnnotation.<init>(TypeMappedAnnotation.java:128)
	at org.springframework.core.annotation.TypeMappedAnnotation.<init>(TypeMappedAnnotation.java:112)
	at org.springframework.core.annotation.TypeMappedAnnotation.of(TypeMappedAnnotation.java:618)
	at org.springframework.core.annotation.MergedAnnotation.of(MergedAnnotation.java:612)
	at org.springframework.core.type.classreading.MergedAnnotationReadingVisitor.visitEnd(MergedAnnotationReadingVisitor.java:98)
	at org.springframework.asm.ClassReader.readElementValues(ClassReader.java:3010)
	at org.springframework.asm.ClassReader.readMethod(ClassReader.java:1415)
	at org.springframework.asm.ClassReader.accept(ClassReader.java:746)
	at org.springframework.asm.ClassReader.accept(ClassReader.java:426)
	at org.springframework.core.type.classreading.SimpleMetadataReader.<init>(SimpleMetadataReader.java:48)
	at org.springframework.core.type.classreading.SimpleMetadataReaderFactory.getMetadataReader(SimpleMetadataReaderFactory.java:103)
	at org.springframework.core.type.classreading.CachingMetadataReaderFactory.getMetadataReader(CachingMetadataReaderFactory.java:122)
	at org.springframework.context.annotation.ClassPathScanningCandidateComponentProvider.scanCandidateComponents(ClassPathScanningCandidateComponentProvider.java:435)
	... 23 common frames omitted
2023-03-29 00:21:25  INFO   : HV000001: Hibernate Validator 8.0.0.Final
2023-03-29 00:21:25  INFO   : Starting BillingApplication using Java 19.0.2 with PID 464 (D:\Projects\Billing\target\classes started by Şamxal in D:\Projects\Billing)
2023-03-29 00:21:25  INFO   : No active profile set, falling back to 1 default profile: "default"
2023-03-29 00:21:25  INFO   : Devtools property defaults active! Set 'spring.devtools.add-properties' to 'false' to disable
2023-03-29 00:21:25  INFO   : For additional web related logging consider setting the 'logging.level.web' property to 'DEBUG'
2023-03-29 00:21:27  INFO   : Multiple Spring Data modules found, entering strict repository configuration mode
2023-03-29 00:21:27  INFO   : Bootstrapping Spring Data JPA repositories in DEFAULT mode.
2023-03-29 00:21:27  INFO   : Finished Spring Data repository scanning in 136 ms. Found 3 JPA repository interfaces.
2023-03-29 00:21:27  INFO   : Multiple Spring Data modules found, entering strict repository configuration mode
2023-03-29 00:21:27  INFO   : Bootstrapping Spring Data Redis repositories in DEFAULT mode.
2023-03-29 00:21:27  INFO   : Spring Data Redis - Could not safely identify store assignment for repository candidate interface com.service.Billing.repos.BillingRepo; If you want this repository to be a Redis repository, consider annotating your entities with one of these annotations: org.springframework.data.redis.core.RedisHash (preferred), or consider extending one of the following types with your repository: org.springframework.data.keyvalue.repository.KeyValueRepository
2023-03-29 00:21:27  INFO   : Spring Data Redis - Could not safely identify store assignment for repository candidate interface com.service.Billing.repos.CompanyRepo; If you want this repository to be a Redis repository, consider annotating your entities with one of these annotations: org.springframework.data.redis.core.RedisHash (preferred), or consider extending one of the following types with your repository: org.springframework.data.keyvalue.repository.KeyValueRepository
2023-03-29 00:21:27  INFO   : Spring Data Redis - Could not safely identify store assignment for repository candidate interface com.service.Billing.security.user.UserRepository; If you want this repository to be a Redis repository, consider annotating your entities with one of these annotations: org.springframework.data.redis.core.RedisHash (preferred), or consider extending one of the following types with your repository: org.springframework.data.keyvalue.repository.KeyValueRepository
2023-03-29 00:21:27  INFO   : Finished Spring Data repository scanning in 18 ms. Found 0 Redis repository interfaces.
2023-03-29 00:21:28  INFO   : Tomcat initialized with port(s): 8080 (http)
2023-03-29 00:21:28  INFO   : Initializing ProtocolHandler ["http-nio-8080"]
2023-03-29 00:21:28  INFO   : Starting service [Tomcat]
2023-03-29 00:21:28  INFO   : Starting Servlet engine: [Apache Tomcat/10.1.5]
2023-03-29 00:21:29  INFO   : Initializing Spring embedded WebApplicationContext
2023-03-29 00:21:29  INFO   : Root WebApplicationContext: initialization completed in 3228 ms
2023-03-29 00:21:29  INFO   : HHH000204: Processing PersistenceUnitInfo [name: default]
2023-03-29 00:21:29  INFO   : HHH000412: Hibernate ORM core version 6.1.6.Final
2023-03-29 00:21:29  WARN   : HHH90000021: Encountered deprecated setting [javax.persistence.sharedCache.mode], use [jakarta.persistence.sharedCache.mode] instead
2023-03-29 00:21:29  INFO   : HikariPool-1 - Starting...
2023-03-29 00:21:29  WARN   : Registered driver with driverClassName=com.mysql.jdbc.Driver was not found, trying direct instantiation.
2023-03-29 00:21:29  INFO   : HikariPool-1 - Added connection com.mysql.cj.jdbc.ConnectionImpl@e36623a
2023-03-29 00:21:29  INFO   : HikariPool-1 - Start completed.
2023-03-29 00:21:30  INFO   : HHH000400: Using dialect: org.hibernate.dialect.MySQLDialect
2023-03-29 00:21:30  INFO   : HHH000490: Using JtaPlatform implementation: [org.hibernate.engine.transaction.jta.platform.internal.NoJtaPlatform]
2023-03-29 00:21:30  INFO   : Initialized JPA EntityManagerFactory for persistence unit 'default'
2023-03-29 00:21:31  WARN   : spring.jpa.open-in-view is enabled by default. Therefore, database queries may be performed during view rendering. Explicitly configure spring.jpa.open-in-view to disable this warning
2023-03-29 00:21:33  INFO   : Will secure any request with [org.springframework.security.web.session.DisableEncodeUrlFilter@3b8d8be, org.springframework.security.web.context.request.async.WebAsyncManagerIntegrationFilter@35a2be10, org.springframework.security.web.context.SecurityContextHolderFilter@19935125, org.springframework.security.web.header.HeaderWriterFilter@375f8931, org.springframework.security.web.authentication.logout.LogoutFilter@7da0a243, com.service.Billing.security.jwt.JWTAuthenticationFilter@3da1d544, org.springframework.security.web.savedrequest.RequestCacheAwareFilter@594fc812, org.springframework.security.web.servletapi.SecurityContextHolderAwareRequestFilter@72dc42df, org.springframework.security.web.authentication.AnonymousAuthenticationFilter@6d05971d, org.springframework.security.web.session.SessionManagementFilter@465344b5, org.springframework.security.web.access.ExceptionTranslationFilter@4683d4e2, org.springframework.security.web.access.intercept.AuthorizationFilter@74384283]
2023-03-29 00:21:34  INFO   : LiveReload server is running on port 35729
2023-03-29 00:21:34  INFO   : Starting ProtocolHandler ["http-nio-8080"]
2023-03-29 00:21:34  INFO   : Tomcat started on port(s): 8080 (http) with context path ''
2023-03-29 00:21:34  INFO   : Started BillingApplication in 9.353 seconds (process running for 10.215)
2023-03-29 00:21:39  INFO   : Initializing Spring DispatcherServlet 'dispatcherServlet'
2023-03-29 00:21:39  INFO   : Initializing Servlet 'dispatcherServlet'
2023-03-29 00:21:39  INFO   : Completed initialization in 1 ms
2023-03-29 00:21:40  INFO   : Init duration for springdoc-openapi is: 508 ms
2023-03-29 00:27:42  INFO   : Closing JPA EntityManagerFactory for persistence unit 'default'
2023-03-29 00:27:42  INFO   : HikariPool-1 - Shutdown initiated...
2023-03-29 00:27:42  INFO   : HikariPool-1 - Shutdown completed.
2023-03-29 00:27:47  INFO   : HV000001: Hibernate Validator 8.0.0.Final
2023-03-29 00:27:47  INFO   : Starting BillingApplication using Java 19.0.2 with PID 25040 (D:\Projects\Billing\target\classes started by Şamxal in D:\Projects\Billing)
2023-03-29 00:27:47  INFO   : No active profile set, falling back to 1 default profile: "default"
2023-03-29 00:27:47  INFO   : Devtools property defaults active! Set 'spring.devtools.add-properties' to 'false' to disable
2023-03-29 00:27:47  INFO   : For additional web related logging consider setting the 'logging.level.web' property to 'DEBUG'
2023-03-29 00:27:49  INFO   : Multiple Spring Data modules found, entering strict repository configuration mode
2023-03-29 00:27:49  INFO   : Bootstrapping Spring Data JPA repositories in DEFAULT mode.
2023-03-29 00:27:49  INFO   : Finished Spring Data repository scanning in 180 ms. Found 3 JPA repository interfaces.
2023-03-29 00:27:49  INFO   : Multiple Spring Data modules found, entering strict repository configuration mode
2023-03-29 00:27:49  INFO   : Bootstrapping Spring Data Redis repositories in DEFAULT mode.
2023-03-29 00:27:49  INFO   : Spring Data Redis - Could not safely identify store assignment for repository candidate interface com.service.Billing.repos.BillingRepo; If you want this repository to be a Redis repository, consider annotating your entities with one of these annotations: org.springframework.data.redis.core.RedisHash (preferred), or consider extending one of the following types with your repository: org.springframework.data.keyvalue.repository.KeyValueRepository
2023-03-29 00:27:49  INFO   : Spring Data Redis - Could not safely identify store assignment for repository candidate interface com.service.Billing.repos.CompanyRepo; If you want this repository to be a Redis repository, consider annotating your entities with one of these annotations: org.springframework.data.redis.core.RedisHash (preferred), or consider extending one of the following types with your repository: org.springframework.data.keyvalue.repository.KeyValueRepository
2023-03-29 00:27:49  INFO   : Spring Data Redis - Could not safely identify store assignment for repository candidate interface com.service.Billing.security.user.UserRepository; If you want this repository to be a Redis repository, consider annotating your entities with one of these annotations: org.springframework.data.redis.core.RedisHash (preferred), or consider extending one of the following types with your repository: org.springframework.data.keyvalue.repository.KeyValueRepository
2023-03-29 00:27:49  INFO   : Finished Spring Data repository scanning in 14 ms. Found 0 Redis repository interfaces.
2023-03-29 00:27:51  INFO   : Tomcat initialized with port(s): 8080 (http)
2023-03-29 00:27:51  INFO   : Initializing ProtocolHandler ["http-nio-8080"]
2023-03-29 00:27:51  INFO   : Starting service [Tomcat]
2023-03-29 00:27:51  INFO   : Starting Servlet engine: [Apache Tomcat/10.1.5]
2023-03-29 00:27:51  INFO   : Initializing Spring embedded WebApplicationContext
2023-03-29 00:27:51  INFO   : Root WebApplicationContext: initialization completed in 3334 ms
2023-03-29 00:27:51  INFO   : HHH000204: Processing PersistenceUnitInfo [name: default]
2023-03-29 00:27:51  INFO   : HHH000412: Hibernate ORM core version 6.1.6.Final
2023-03-29 00:27:52  WARN   : HHH90000021: Encountered deprecated setting [javax.persistence.sharedCache.mode], use [jakarta.persistence.sharedCache.mode] instead
2023-03-29 00:27:52  INFO   : HikariPool-1 - Starting...
2023-03-29 00:27:52  WARN   : Registered driver with driverClassName=com.mysql.jdbc.Driver was not found, trying direct instantiation.
2023-03-29 00:27:52  INFO   : HikariPool-1 - Added connection com.mysql.cj.jdbc.ConnectionImpl@200f2852
2023-03-29 00:27:52  INFO   : HikariPool-1 - Start completed.
2023-03-29 00:27:52  INFO   : HHH000400: Using dialect: org.hibernate.dialect.MySQLDialect
2023-03-29 00:27:53  INFO   : HHH000490: Using JtaPlatform implementation: [org.hibernate.engine.transaction.jta.platform.internal.NoJtaPlatform]
2023-03-29 00:27:53  INFO   : Initialized JPA EntityManagerFactory for persistence unit 'default'
2023-03-29 00:27:54  WARN   : spring.jpa.open-in-view is enabled by default. Therefore, database queries may be performed during view rendering. Explicitly configure spring.jpa.open-in-view to disable this warning
2023-03-29 00:27:56  INFO   : Will secure any request with [org.springframework.security.web.session.DisableEncodeUrlFilter@23f09fd, org.springframework.security.web.context.request.async.WebAsyncManagerIntegrationFilter@85827c2, org.springframework.security.web.context.SecurityContextHolderFilter@6ad60c75, org.springframework.security.web.header.HeaderWriterFilter@25edd220, org.springframework.security.web.authentication.logout.LogoutFilter@5e05ae60, com.service.Billing.security.jwt.JWTAuthenticationFilter@708fccfa, org.springframework.security.web.savedrequest.RequestCacheAwareFilter@2bbf92c1, org.springframework.security.web.servletapi.SecurityContextHolderAwareRequestFilter@8c9feda, org.springframework.security.web.authentication.AnonymousAuthenticationFilter@36764f8, org.springframework.security.web.session.SessionManagementFilter@793e8d10, org.springframework.security.web.access.ExceptionTranslationFilter@792002cb, org.springframework.security.web.access.intercept.AuthorizationFilter@eb08bab]
2023-03-29 00:27:58  INFO   : LiveReload server is running on port 35729
2023-03-29 00:27:58  INFO   : Starting ProtocolHandler ["http-nio-8080"]
2023-03-29 00:27:58  INFO   : Tomcat started on port(s): 8080 (http) with context path ''
2023-03-29 00:27:58  INFO   : Started BillingApplication in 10.864 seconds (process running for 11.789)
2023-03-29 00:27:58  INFO   : Initializing Spring DispatcherServlet 'dispatcherServlet'
2023-03-29 00:27:58  INFO   : Initializing Servlet 'dispatcherServlet'
2023-03-29 00:27:58  INFO   : Completed initialization in 1 ms
2023-03-29 00:27:59  INFO   : Init duration for springdoc-openapi is: 611 ms
2023-03-29 00:33:53  INFO   : Sended response about company of23222 tax number and 212 product id
2023-03-29 00:33:57  INFO   : Sended response about company of23222 tax number and 212 product id
2023-03-29 00:33:58  INFO   : Sended response about company of23222 tax number and 212 product id
2023-03-29 00:33:59  INFO   : Sended response about company of23222 tax number and 212 product id
2023-03-29 00:33:59  INFO   : Sended response about company of23222 tax number and 212 product id
2023-03-29 00:34:00  INFO   : Sended response about company of23222 tax number and 212 product id
2023-03-29 00:34:01  INFO   : Sended response about company of23222 tax number and 212 product id
2023-03-29 00:34:27  INFO   : Closing JPA EntityManagerFactory for persistence unit 'default'
2023-03-29 00:34:27  INFO   : HikariPool-1 - Shutdown initiated...
2023-03-29 00:34:27  INFO   : HikariPool-1 - Shutdown completed.
